p/20241120_145220_resize.jpg 1 0 0 800 600
p/20241120_145219_resize.jpg 1 0 0 800 600
p/20241120_145217_resize.jpg 1 0 0 800 600
p/20241120_145216_resize.jpg 1 0 0 800 600
p/20241120_145214_resize.jpg 1 0 0 800 600
p/20241120_145207_resize.jpg 1 0 0 800 600
p/20241120_145205_resize.jpg 1 0 0 800 600
p/20241120_145203_resize.jpg 1 0 0 800 600
p/20241120_145159_resize.jpg 1 0 0 800 600
p/20241120_145158_resize.jpg 1 0 0 800 600
p/20241120_145157_resize.jpg 1 0 0 800 600
p/20241120_145156_resize.jpg 1 0 0 800 600
p/20241120_145154_resize.jpg 1 0 0 800 600
p/20241120_145151_resize.jpg 1 0 0 800 600
p/20241120_145150_resize.jpg 1 0 0 800 600
p/20241120_145149_resize.jpg 1 0 0 800 600
p/20241120_145145_resize.jpg 1 0 0 800 600
p/20241120_145142_resize.jpg 1 0 0 800 600
p/20241120_145140_resize.jpg 1 0 0 800 600
p/20241120_145139_resize.jpg 1 0 0 800 600
p/20241120_145137_resize.jpg 1 0 0 800 600
p/20241120_145134_resize.jpg 1 0 0 800 600
p/20241120_145127_resize.jpg 1 0 0 800 600
p/20241120_145125_resize.jpg 1 0 0 800 600
p/20241120_145122_resize.jpg 1 0 0 800 600
p/20241120_145120_resize.jpg 1 0 0 800 600
p/20241120_145118_resize.jpg 1 0 0 800 600
p/20241120_145115_resize.jpg 1 0 0 800 600
p/20241120_145112_resize.jpg 1 0 0 800 600
p/20241120_145110_resize.jpg 1 0 0 800 600
p/20241120_145106_resize.jpg 1 0 0 800 600
p/20241120_145103_resize.jpg 1 0 0 800 600
p/20241120_145048_resize.jpg 1 0 0 800 600
p/20241120_145047_resize.jpg 1 0 0 800 600
p/20241120_145046_resize.jpg 1 0 0 800 600
p/20241120_145045_resize.jpg 1 0 0 800 600
p/20241120_145044_resize.jpg 1 0 0 800 600
p/20241120_145043_resize.jpg 1 0 0 800 600
p/20241120_145042_resize.jpg 1 0 0 800 600
p/20241120_145041_resize.jpg 1 0 0 800 600
p/20241120_145040_resize.jpg 1 0 0 800 600
p/20241120_145039_resize.jpg 1 0 0 800 600
p/20241120_145038_resize.jpg 1 0 0 800 600
p/20241120_145034_resize.jpg 1 0 0 800 600
p/20241120_145033_resize.jpg 1 0 0 800 600
p/20241120_145032_resize.jpg 1 0 0 800 600
p/20241120_145031_resize.jpg 1 0 0 800 600
p/20241120_145029_resize.jpg 1 0 0 800 600
p/20241120_145023_resize.jpg 1 0 0 800 600
p/20241120_145022_resize.jpg 1 0 0 800 600
p/20241120_145021_resize.jpg 1 0 0 800 600
p/20241120_145020_resize.jpg 1 0 0 800 600
p/20241120_145019_resize.jpg 1 0 0 800 600
p/20241120_145011_resize.jpg 1 0 0 800 600
p/20241120_145010_resize.jpg 1 0 0 800 600
p/20241120_145009_resize.jpg 1 0 0 800 600
p/20241120_145008_resize.jpg 1 0 0 800 600
p/20241120_145007_resize.jpg 1 0 0 800 600
p/20241120_145006_resize.jpg 1 0 0 800 600
p/20241120_145004_resize.jpg 1 0 0 800 600
p/20241120_145001_resize.jpg 1 0 0 800 600
p/20241120_145000_resize.jpg 1 0 0 800 600
p/20241120_144959_resize.jpg 1 0 0 800 600
p/20241120_144958_resize.jpg 1 0 0 800 600
p/20241120_144957_resize.jpg 1 0 0 800 600
p/20241120_144956_resize.jpg 1 0 0 800 600
p/20241120_144955_resize.jpg 1 0 0 800 600
p/20241120_144952_resize.jpg 1 0 0 800 600
p/20241120_144951_resize.jpg 1 0 0 800 600
p/20241120_144950_resize.jpg 1 0 0 800 600
p/20241120_144949_resize.jpg 1 0 0 800 600
p/20241120_144948_resize.jpg 1 0 0 800 600
p/20241120_144947_resize.jpg 1 0 0 800 600
p/20241120_144946_resize.jpg 1 0 0 800 600
p/20241120_144942_resize.jpg 1 0 0 800 600
p/20241120_144941_resize.jpg 1 0 0 800 600
p/20241120_144940_resize.jpg 1 0 0 800 600
p/20241120_144938_resize.jpg 1 0 0 800 600
p/20241120_144937_resize.jpg 1 0 0 800 600
p/20241120_144936_resize.jpg 1 0 0 800 600
p/20241120_144934_resize.jpg 1 0 0 800 600
p/20241120_144933_resize.jpg 1 0 0 800 600
p/20241120_144931_resize.jpg 1 0 0 800 600
p/20241120_144927_resize.jpg 1 0 0 800 600
p/20241120_144926_resize.jpg 1 0 0 800 600
p/20241120_144924_resize.jpg 1 0 0 800 600
p/20241120_144922_resize.jpg 1 0 0 800 600
p/20241120_144920_resize.jpg 1 0 0 800 600
p/20241120_144918_resize.jpg 1 0 0 800 600
p/20241120_144916_resize.jpg 1 0 0 800 600
p/20241120_144915_resize.jpg 1 0 0 800 600
p/20241120_144855_resize.jpg 1 0 0 800 600
p/20241120_144850_resize.jpg 1 0 0 800 600
p/20241120_144846_resize.jpg 1 0 0 800 600
p/20241120_144843_resize.jpg 1 0 0 800 600
p/20241120_144840_resize.jpg 1 0 0 800 600
p/20241120_144837_resize.jpg 1 0 0 800 600
p/20241120_144832_resize.jpg 1 0 0 800 600
p/20241120_144828_resize.jpg 1 0 0 800 600
p/20241120_144824_resize.jpg 1 0 0 800 600
p/20241120_144820_resize.jpg 1 0 0 800 600
p/20241120_144807_resize.jpg 1 0 0 800 600
p/20241120_144804_resize.jpg 1 0 0 800 600
p/20241120_144800_resize.jpg 1 0 0 800 600
p/20241120_144756_resize.jpg 1 0 0 800 600
p/20241120_144753_resize.jpg 1 0 0 800 600
p/20241120_144749_resize.jpg 1 0 0 800 600
p/20241120_144745_resize.jpg 1 0 0 800 600
p/20241120_144741_resize.jpg 1 0 0 800 600
p/20241120_144738_resize.jpg 1 0 0 800 600
p/20241120_144731_resize.jpg 1 0 0 800 600
p/20241120_144726_resize.jpg 1 0 0 800 600
p/20241120_144722_resize.jpg 1 0 0 800 600
p/20241120_144714_resize.jpg 1 0 0 800 600
p/20241120_144708_resize.jpg 1 0 0 800 600
p/20241120_144700_resize.jpg 1 0 0 800 600