p/20241120_144700.jpg 1 0 0 4000 3000
p/20241120_144708.jpg 1 0 0 4000 3000
p/20241120_144714.jpg 1 0 0 4000 3000
p/20241120_144722.jpg 1 0 0 4000 3000
p/20241120_144726.jpg 1 0 0 4000 3000
p/20241120_144731.jpg 1 0 0 4000 3000
p/20241120_144738.jpg 1 0 0 4000 3000
p/20241120_144741.jpg 1 0 0 4000 3000
p/20241120_144745.jpg 1 0 0 4000 3000
p/20241120_144749.jpg 1 0 0 4000 3000
p/20241120_144753.jpg 1 0 0 4000 3000
p/20241120_144756.jpg 1 0 0 4000 3000
p/20241120_144800.jpg 1 0 0 4000 3000
p/20241120_144804.jpg 1 0 0 4000 3000
p/20241120_144807.jpg 1 0 0 4000 3000
p/20241120_144820.jpg 1 0 0 4000 3000
p/20241120_144824.jpg 1 0 0 4000 3000
p/20241120_144828.jpg 1 0 0 4000 3000
p/20241120_144832.jpg 1 0 0 4000 3000
p/20241120_144837.jpg 1 0 0 4000 3000
p/20241120_144840.jpg 1 0 0 4000 3000
p/20241120_144843.jpg 1 0 0 4000 3000
p/20241120_144846.jpg 1 0 0 4000 3000
p/20241120_144850.jpg 1 0 0 4000 3000
p/20241120_144855.jpg 1 0 0 4000 3000
p/20241120_144915.jpg 1 0 0 4000 3000
p/20241120_144916.jpg 1 0 0 4000 3000
p/20241120_144918.jpg 1 0 0 4000 3000
p/20241120_144920.jpg 1 0 0 4000 3000
p/20241120_144922.jpg 1 0 0 4000 3000
p/20241120_144924.jpg 1 0 0 4000 3000
p/20241120_144926.jpg 1 0 0 4000 3000
p/20241120_144927.jpg 1 0 0 4000 3000
p/20241120_144931.jpg 1 0 0 4000 3000
p/20241120_144933.jpg 1 0 0 4000 3000
p/20241120_144934.jpg 1 0 0 4000 3000
p/20241120_144936.jpg 1 0 0 4000 3000
p/20241120_144937.jpg 1 0 0 4000 3000
p/20241120_144938.jpg 1 0 0 4000 3000
p/20241120_144940.jpg 1 0 0 4000 3000
p/20241120_144941.jpg 1 0 0 4000 3000
p/20241120_144942.jpg 1 0 0 4000 3000
p/20241120_144946.jpg 1 0 0 4000 3000
p/20241120_144947.jpg 1 0 0 4000 3000
p/20241120_144948.jpg 1 0 0 4000 3000
p/20241120_144949.jpg 1 0 0 4000 3000
p/20241120_144950.jpg 1 0 0 4000 3000
p/20241120_144951.jpg 1 0 0 4000 3000
p/20241120_144952.jpg 1 0 0 4000 3000
p/20241120_144955.jpg 1 0 0 4000 3000
p/20241120_144956.jpg 1 0 0 4000 3000
p/20241120_144957.jpg 1 0 0 4000 3000
p/20241120_144958.jpg 1 0 0 4000 3000
p/20241120_144959.jpg 1 0 0 4000 3000
p/20241120_145000.jpg 1 0 0 4000 3000
p/20241120_145001.jpg 1 0 0 4000 3000
p/20241120_145004.jpg 1 0 0 4000 3000
p/20241120_145006.jpg 1 0 0 4000 3000
p/20241120_145007.jpg 1 0 0 4000 3000
p/20241120_145008.jpg 1 0 0 4000 3000
p/20241120_145009.jpg 1 0 0 4000 3000
p/20241120_145010.jpg 1 0 0 4000 3000
p/20241120_145011.jpg 1 0 0 4000 3000
p/20241120_145019.jpg 1 0 0 4000 3000
p/20241120_145020.jpg 1 0 0 4000 3000
p/20241120_145021.jpg 1 0 0 4000 3000
p/20241120_145022.jpg 1 0 0 4000 3000
p/20241120_145023.jpg 1 0 0 4000 3000
p/20241120_145029.jpg 1 0 0 4000 3000
p/20241120_145031.jpg 1 0 0 4000 3000
p/20241120_145032.jpg 1 0 0 4000 3000
p/20241120_145033.jpg 1 0 0 4000 3000
p/20241120_145034.jpg 1 0 0 4000 3000
p/20241120_145038.jpg 1 0 0 4000 3000
p/20241120_145039.jpg 1 0 0 4000 3000
p/20241120_145040.jpg 1 0 0 4000 3000
p/20241120_145041.jpg 1 0 0 4000 3000
p/20241120_145042.jpg 1 0 0 4000 3000
p/20241120_145043.jpg 1 0 0 4000 3000
p/20241120_145044.jpg 1 0 0 4000 3000
p/20241120_145045.jpg 1 0 0 4000 3000
p/20241120_145046.jpg 1 0 0 4000 3000
p/20241120_145047.jpg 1 0 0 4000 3000
p/20241120_145048.jpg 1 0 0 4000 3000
p/20241120_145103.jpg 1 0 0 4000 3000
p/20241120_145106.jpg 1 0 0 4000 3000
p/20241120_145110.jpg 1 0 0 4000 3000
p/20241120_145112.jpg 1 0 0 4000 3000
p/20241120_145115.jpg 1 0 0 4000 3000
p/20241120_145118.jpg 1 0 0 4000 3000
p/20241120_145120.jpg 1 0 0 4000 3000
p/20241120_145122.jpg 1 0 0 4000 3000
p/20241120_145127.jpg 1 0 0 4000 3000
p/20241120_145134.jpg 1 0 0 4000 3000
p/20241120_145137.jpg 1 0 0 4000 3000
p/20241120_145139.jpg 1 0 0 4000 3000
p/20241120_145140.jpg 1 0 0 4000 3000
p/20241120_145142.jpg 1 0 0 4000 3000
p/20241120_145145.jpg 1 0 0 4000 3000
p/20241120_145149.jpg 1 0 0 4000 3000
p/20241120_145150.jpg 1 0 0 4000 3000
p/20241120_145151.jpg 1 0 0 4000 3000
p/20241120_145154.jpg 1 0 0 4000 3000
p/20241120_145156.jpg 1 0 0 4000 3000
p/20241120_145157.jpg 1 0 0 4000 3000
p/20241120_145158.jpg 1 0 0 4000 3000
p/20241120_145159.jpg 1 0 0 4000 3000
p/20241120_145203.jpg 1 0 0 4000 3000
p/20241120_145205.jpg 1 0 0 4000 3000
p/20241120_145207.jpg 1 0 0 4000 3000
p/20241120_145214.jpg 1 0 0 4000 3000
p/20241120_145216.jpg 1 0 0 4000 3000
p/20241120_145217.jpg 1 0 0 4000 3000
p/20241120_145219.jpg 1 0 0 4000 3000
p/20241120_145220.jpg 1 0 0 4000 3000
p/20241120_145125.jpg 1 0 0 4000 3000